2026-02-18 19:22:53,927 INFO: Logging setup complete [in c:\Users\Elev\Documents\WebbserverProgrammering\Archive\app.py:28]
2026-02-18 19:22:55,094 INFO: Logging setup complete [in c:\Users\Elev\Documents\WebbserverProgrammering\Archive\app.py:28]
2026-02-18 19:22:56,826 INFO: Start: GET /login [in c:\Users\Elev\Documents\WebbserverProgrammering\Archive\app.py:33]
2026-02-18 19:22:56,849 INFO: End: GET /login -> 200 in 0.0230s [in c:\Users\Elev\Documents\WebbserverProgrammering\Archive\app.py:38]
2026-02-18 19:23:52,137 INFO: Logging setup complete [in c:\Users\Elev\Documents\WebbserverProgrammering\Archive\app.py:28]
2026-02-18 19:23:53,038 INFO: Logging setup complete [in c:\Users\Elev\Documents\WebbserverProgrammering\Archive\app.py:28]
2026-02-18 19:24:03,282 INFO: Start: GET /login [in c:\Users\Elev\Documents\WebbserverProgrammering\Archive\app.py:33]
2026-02-18 19:24:03,320 INFO: End: GET /login -> 200 in 0.0361s [in c:\Users\Elev\Documents\WebbserverProgrammering\Archive\app.py:38]
2026-04-03 11:40:14,930 INFO: Logging setup complete [in c:\Users\Elev\Documents\WebbserverProgrammering\Archive\app.py:28]
2026-04-03 11:40:15,418 INFO: Logging setup complete [in c:\Users\Elev\Documents\WebbserverProgrammering\Archive\app.py:28]
2026-04-03 11:40:28,608 INFO: Start: GET /docs [in c:\Users\Elev\Documents\WebbserverProgrammering\Archive\app.py:33]
2026-04-03 11:40:28,608 INFO: End: GET /docs -> 404 in 0.0000s [in c:\Users\Elev\Documents\WebbserverProgrammering\Archive\app.py:38]
2026-04-03 11:40:28,710 INFO: Start: GET /favicon.ico [in c:\Users\Elev\Documents\WebbserverProgrammering\Archive\app.py:33]
2026-04-03 11:40:28,710 INFO: End: GET /favicon.ico -> 404 in 0.0000s [in c:\Users\Elev\Documents\WebbserverProgrammering\Archive\app.py:38]
2026-04-03 11:40:33,167 INFO: Start: GET / [in c:\Users\Elev\Documents\WebbserverProgrammering\Archive\app.py:33]
2026-04-03 11:40:33,168 INFO: End: GET / -> 302 in 0.0010s [in c:\Users\Elev\Documents\WebbserverProgrammering\Archive\app.py:38]
2026-04-03 11:40:33,211 INFO: Start: GET /login [in c:\Users\Elev\Documents\WebbserverProgrammering\Archive\app.py:33]
2026-04-03 11:40:33,228 INFO: End: GET /login -> 200 in 0.0169s [in c:\Users\Elev\Documents\WebbserverProgrammering\Archive\app.py:38]
2026-04-03 11:51:20,956 INFO: Logging setup complete [in c:\Users\Elev\Documents\WebbserverProgrammering\Archive\app.py:28]
2026-04-03 11:51:23,002 INFO: Start: GET /login [in c:\Users\Elev\Documents\WebbserverProgrammering\Archive\app.py:33]
2026-04-03 11:51:23,017 INFO: End: GET /login -> 200 in 0.0154s [in c:\Users\Elev\Documents\WebbserverProgrammering\Archive\app.py:38]
2026-04-03 11:51:24,831 INFO: Start: GET /signup [in c:\Users\Elev\Documents\WebbserverProgrammering\Archive\app.py:33]
2026-04-03 11:51:24,833 INFO: End: GET /signup -> 200 in 0.0020s [in c:\Users\Elev\Documents\WebbserverProgrammering\Archive\app.py:38]
2026-04-03 11:54:41,834 INFO: Logging setup complete [in c:\Users\Elev\Documents\WebbserverProgrammering\Archive\app.py:28]
2026-04-03 12:05:51,159 INFO: Logging setup complete [in c:\Users\Elev\Documents\WebbserverProgrammering\Archive\app.py:28]
2026-04-03 12:05:51,436 INFO: Logging setup complete [in c:\Users\Elev\Documents\WebbserverProgrammering\Archive\app.py:28]
2026-04-03 12:05:51,987 INFO: Start: GET /signup [in c:\Users\Elev\Documents\WebbserverProgrammering\Archive\app.py:33]
2026-04-03 12:05:52,002 INFO: End: GET /signup -> 200 in 0.0152s [in c:\Users\Elev\Documents\WebbserverProgrammering\Archive\app.py:38]
2026-04-03 12:07:04,959 INFO: Logging setup complete [in c:\Users\Elev\Documents\WebbserverProgrammering\Archive\app.py:28]
2026-04-03 12:07:24,749 INFO: Start: POST /signup [in c:\Users\Elev\Documents\WebbserverProgrammering\Archive\app.py:33]
2026-04-03 12:07:24,773 INFO: End: POST /signup -> 200 in 0.0237s [in c:\Users\Elev\Documents\WebbserverProgrammering\Archive\app.py:38]
2026-04-03 12:08:31,102 INFO: Start: POST /signup [in c:\Users\Elev\Documents\WebbserverProgrammering\Archive\app.py:33]
2026-04-03 12:08:31,104 INFO: End: POST /signup -> 200 in 0.0020s [in c:\Users\Elev\Documents\WebbserverProgrammering\Archive\app.py:38]
2026-04-03 12:09:01,065 INFO: Start: POST /signup [in c:\Users\Elev\Documents\WebbserverProgrammering\Archive\app.py:33]
2026-04-03 12:09:01,082 INFO: End: POST /signup -> 200 in 0.0169s [in c:\Users\Elev\Documents\WebbserverProgrammering\Archive\app.py:38]
2026-04-03 12:09:01,101 INFO: Start: GET /static/style.css [in c:\Users\Elev\Documents\WebbserverProgrammering\Archive\app.py:33]
2026-04-03 12:09:01,162 INFO: End: GET /static/style.css -> 200 in 0.0607s [in c:\Users\Elev\Documents\WebbserverProgrammering\Archive\app.py:38]
2026-04-03 12:09:15,514 INFO: Start: POST /signup [in c:\Users\Elev\Documents\WebbserverProgrammering\Archive\app.py:33]
2026-04-03 12:09:15,516 INFO: End: POST /signup -> 200 in 0.0010s [in c:\Users\Elev\Documents\WebbserverProgrammering\Archive\app.py:38]
2026-04-03 12:09:15,534 INFO: Start: GET /static/style.css [in c:\Users\Elev\Documents\WebbserverProgrammering\Archive\app.py:33]
2026-04-03 12:09:15,548 INFO: End: GET /static/style.css -> 200 in 0.0151s [in c:\Users\Elev\Documents\WebbserverProgrammering\Archive\app.py:38]
2026-04-03 12:21:20,980 INFO: Logging setup complete [in c:\Users\Elev\Documents\WebbserverProgrammering\Archive\app.py:28]
2026-04-03 12:28:37,674 INFO: Logging setup complete [in c:\Users\Elev\Documents\WebbserverProgrammering\Archive\app.py:29]
2026-04-03 12:28:40,680 INFO: Start: POST /signup [in c:\Users\Elev\Documents\WebbserverProgrammering\Archive\app.py:34]
2026-04-03 12:28:40,694 INFO: End: POST /signup -> 200 in 0.0146s [in c:\Users\Elev\Documents\WebbserverProgrammering\Archive\app.py:39]
2026-04-03 12:28:40,710 INFO: Start: GET /static/style.css [in c:\Users\Elev\Documents\WebbserverProgrammering\Archive\app.py:34]
2026-04-03 12:28:40,755 INFO: End: GET /static/style.css -> 304 in 0.0448s [in c:\Users\Elev\Documents\WebbserverProgrammering\Archive\app.py:39]
2026-04-03 12:28:56,195 INFO: Start: POST /signup [in c:\Users\Elev\Documents\WebbserverProgrammering\Archive\app.py:34]
2026-04-03 12:28:56,195 INFO: End: POST /signup -> 200 in 0.0000s [in c:\Users\Elev\Documents\WebbserverProgrammering\Archive\app.py:39]
2026-04-03 12:28:56,224 INFO: Start: GET /static/style.css [in c:\Users\Elev\Documents\WebbserverProgrammering\Archive\app.py:34]
2026-04-03 12:28:56,226 INFO: End: GET /static/style.css -> 304 in 0.0020s [in c:\Users\Elev\Documents\WebbserverProgrammering\Archive\app.py:39]
2026-04-03 12:29:33,728 INFO: Start: POST /signup [in c:\Users\Elev\Documents\WebbserverProgrammering\Archive\app.py:34]
2026-04-03 12:29:33,729 INFO: End: POST /signup -> 200 in 0.0010s [in c:\Users\Elev\Documents\WebbserverProgrammering\Archive\app.py:39]
2026-04-03 12:29:33,752 INFO: Start: GET /static/style.css [in c:\Users\Elev\Documents\WebbserverProgrammering\Archive\app.py:34]
2026-04-03 12:29:33,752 INFO: End: GET /static/style.css -> 304 in 0.0000s [in c:\Users\Elev\Documents\WebbserverProgrammering\Archive\app.py:39]
2026-04-03 12:29:45,619 INFO: Start: POST /signup [in c:\Users\Elev\Documents\WebbserverProgrammering\Archive\app.py:34]
2026-04-03 12:29:45,621 INFO: End: POST /signup -> 200 in 0.0020s [in c:\Users\Elev\Documents\WebbserverProgrammering\Archive\app.py:39]
2026-04-03 12:29:45,639 INFO: Start: GET /static/style.css [in c:\Users\Elev\Documents\WebbserverProgrammering\Archive\app.py:34]
2026-04-03 12:29:45,640 INFO: End: GET /static/style.css -> 304 in 0.0010s [in c:\Users\Elev\Documents\WebbserverProgrammering\Archive\app.py:39]
2026-04-03 12:30:04,627 INFO: Start: POST /signup [in c:\Users\Elev\Documents\WebbserverProgrammering\Archive\app.py:34]
2026-04-03 12:30:44,381 INFO: Logging setup complete [in c:\Users\Elev\Documents\WebbserverProgrammering\Archive\app.py:29]
2026-04-03 12:30:47,037 INFO: Start: POST /signup [in c:\Users\Elev\Documents\WebbserverProgrammering\Archive\app.py:34]
2026-04-03 12:30:47,234 INFO: End: POST /signup -> 302 in 0.1967s [in c:\Users\Elev\Documents\WebbserverProgrammering\Archive\app.py:39]
2026-04-03 12:30:47,239 INFO: Start: GET /login [in c:\Users\Elev\Documents\WebbserverProgrammering\Archive\app.py:34]
2026-04-03 12:30:47,239 INFO: End: GET /login -> 200 in 0.0000s [in c:\Users\Elev\Documents\WebbserverProgrammering\Archive\app.py:39]
2026-04-03 12:30:47,251 INFO: Start: GET /static/style.css [in c:\Users\Elev\Documents\WebbserverProgrammering\Archive\app.py:34]
2026-04-03 12:30:47,305 INFO: End: GET /static/style.css -> 304 in 0.0534s [in c:\Users\Elev\Documents\WebbserverProgrammering\Archive\app.py:39]
2026-04-03 12:31:05,128 INFO: Start: GET /signup [in c:\Users\Elev\Documents\WebbserverProgrammering\Archive\app.py:34]
2026-04-03 12:31:05,132 INFO: End: GET /signup -> 200 in 0.0044s [in c:\Users\Elev\Documents\WebbserverProgrammering\Archive\app.py:39]
2026-04-03 12:31:05,151 INFO: Start: GET /static/style.css [in c:\Users\Elev\Documents\WebbserverProgrammering\Archive\app.py:34]
2026-04-03 12:31:05,153 INFO: End: GET /static/style.css -> 304 in 0.0027s [in c:\Users\Elev\Documents\WebbserverProgrammering\Archive\app.py:39]
2026-04-03 12:31:37,833 INFO: Start: POST /signup [in c:\Users\Elev\Documents\WebbserverProgrammering\Archive\app.py:34]
2026-04-03 12:31:37,934 INFO: End: POST /signup -> 302 in 0.1011s [in c:\Users\Elev\Documents\WebbserverProgrammering\Archive\app.py:39]
2026-04-03 12:31:37,934 INFO: Start: GET /login [in c:\Users\Elev\Documents\WebbserverProgrammering\Archive\app.py:34]
2026-04-03 12:31:37,934 INFO: End: GET /login -> 200 in 0.0000s [in c:\Users\Elev\Documents\WebbserverProgrammering\Archive\app.py:39]
2026-04-03 12:31:37,961 INFO: Start: GET /static/style.css [in c:\Users\Elev\Documents\WebbserverProgrammering\Archive\app.py:34]
2026-04-03 12:31:37,966 INFO: End: GET /static/style.css -> 304 in 0.0054s [in c:\Users\Elev\Documents\WebbserverProgrammering\Archive\app.py:39]
2026-04-03 12:38:18,302 INFO: Logging setup complete [in c:\Users\Elev\Documents\WebbserverProgrammering\Archive\app.py:29]
2026-04-03 12:39:33,902 INFO: Logging setup complete [in c:\Users\Elev\Documents\WebbserverProgrammering\Archive\app.py:29]
2026-04-03 12:40:05,256 INFO: Start: GET /signup [in c:\Users\Elev\Documents\WebbserverProgrammering\Archive\app.py:34]
2026-04-03 12:40:05,276 INFO: End: GET /signup -> 200 in 0.0193s [in c:\Users\Elev\Documents\WebbserverProgrammering\Archive\app.py:39]
2026-04-03 12:40:05,294 INFO: Start: GET /static/style.css [in c:\Users\Elev\Documents\WebbserverProgrammering\Archive\app.py:34]
2026-04-03 12:40:05,339 INFO: End: GET /static/style.css -> 304 in 0.0449s [in c:\Users\Elev\Documents\WebbserverProgrammering\Archive\app.py:39]
2026-04-03 12:40:38,785 INFO: Start: POST /signup [in c:\Users\Elev\Documents\WebbserverProgrammering\Archive\app.py:34]
2026-04-03 12:40:38,787 INFO: End: POST /signup -> 200 in 0.0025s [in c:\Users\Elev\Documents\WebbserverProgrammering\Archive\app.py:39]
2026-04-03 12:40:38,809 INFO: Start: GET /static/style.css [in c:\Users\Elev\Documents\WebbserverProgrammering\Archive\app.py:34]
2026-04-03 12:40:38,810 INFO: End: GET /static/style.css -> 304 in 0.0010s [in c:\Users\Elev\Documents\WebbserverProgrammering\Archive\app.py:39]
2026-04-03 12:40:44,244 INFO: Start: GET /signup [in c:\Users\Elev\Documents\WebbserverProgrammering\Archive\app.py:34]
2026-04-03 12:40:44,244 INFO: End: GET /signup -> 200 in 0.0000s [in c:\Users\Elev\Documents\WebbserverProgrammering\Archive\app.py:39]
2026-04-03 12:40:57,973 INFO: Start: POST /signup [in c:\Users\Elev\Documents\WebbserverProgrammering\Archive\app.py:34]
2026-04-03 12:40:57,974 INFO: End: POST /signup -> 200 in 0.0010s [in c:\Users\Elev\Documents\WebbserverProgrammering\Archive\app.py:39]
2026-04-03 12:40:57,995 INFO: Start: GET /static/style.css [in c:\Users\Elev\Documents\WebbserverProgrammering\Archive\app.py:34]
2026-04-03 12:40:57,996 INFO: End: GET /static/style.css -> 304 in 0.0010s [in c:\Users\Elev\Documents\WebbserverProgrammering\Archive\app.py:39]
2026-04-03 12:41:00,016 INFO: Start: GET /signup [in c:\Users\Elev\Documents\WebbserverProgrammering\Archive\app.py:34]
2026-04-03 12:41:00,016 INFO: End: GET /signup -> 200 in 0.0000s [in c:\Users\Elev\Documents\WebbserverProgrammering\Archive\app.py:39]
2026-04-03 12:41:06,117 INFO: Start: POST /signup [in c:\Users\Elev\Documents\WebbserverProgrammering\Archive\app.py:34]
2026-04-03 12:41:06,117 INFO: End: POST /signup -> 200 in 0.0000s [in c:\Users\Elev\Documents\WebbserverProgrammering\Archive\app.py:39]
2026-04-03 12:41:06,141 INFO: Start: GET /static/style.css [in c:\Users\Elev\Documents\WebbserverProgrammering\Archive\app.py:34]
2026-04-03 12:41:06,143 INFO: End: GET /static/style.css -> 304 in 0.0020s [in c:\Users\Elev\Documents\WebbserverProgrammering\Archive\app.py:39]
2026-04-03 12:41:08,403 INFO: Start: GET /signup [in c:\Users\Elev\Documents\WebbserverProgrammering\Archive\app.py:34]
2026-04-03 12:41:08,403 INFO: End: GET /signup -> 200 in 0.0000s [in c:\Users\Elev\Documents\WebbserverProgrammering\Archive\app.py:39]
2026-04-03 12:41:19,643 INFO: Start: POST /signup [in c:\Users\Elev\Documents\WebbserverProgrammering\Archive\app.py:34]
2026-04-03 12:41:19,819 INFO: End: POST /signup -> 302 in 0.1762s [in c:\Users\Elev\Documents\WebbserverProgrammering\Archive\app.py:39]
2026-04-03 12:41:19,827 INFO: Start: GET /login [in c:\Users\Elev\Documents\WebbserverProgrammering\Archive\app.py:34]
2026-04-03 12:41:19,829 INFO: End: GET /login -> 200 in 0.0026s [in c:\Users\Elev\Documents\WebbserverProgrammering\Archive\app.py:39]
2026-04-03 12:41:19,903 INFO: Start: GET /static/style.css [in c:\Users\Elev\Documents\WebbserverProgrammering\Archive\app.py:34]
2026-04-03 12:41:19,904 INFO: End: GET /static/style.css -> 304 in 0.0010s [in c:\Users\Elev\Documents\WebbserverProgrammering\Archive\app.py:39]
2026-04-03 12:50:16,814 INFO: Start: GET /signup [in c:\Users\Elev\Documents\WebbserverProgrammering\Archive\app.py:34]
2026-04-03 12:50:16,815 INFO: End: GET /signup -> 200 in 0.0010s [in c:\Users\Elev\Documents\WebbserverProgrammering\Archive\app.py:39]
2026-04-03 12:50:16,839 INFO: Start: GET /static/style.css [in c:\Users\Elev\Documents\WebbserverProgrammering\Archive\app.py:34]
2026-04-03 12:50:16,840 INFO: End: GET /static/style.css -> 304 in 0.0010s [in c:\Users\Elev\Documents\WebbserverProgrammering\Archive\app.py:39]
2026-04-03 12:50:38,573 INFO: Start: POST /signup [in c:\Users\Elev\Documents\WebbserverProgrammering\Archive\app.py:34]
2026-04-03 12:50:38,575 INFO: End: POST /signup -> 200 in 0.0020s [in c:\Users\Elev\Documents\WebbserverProgrammering\Archive\app.py:39]
2026-04-03 12:50:38,595 INFO: Start: GET /static/style.css [in c:\Users\Elev\Documents\WebbserverProgrammering\Archive\app.py:34]
2026-04-03 12:50:38,596 INFO: End: GET /static/style.css -> 304 in 0.0010s [in c:\Users\Elev\Documents\WebbserverProgrammering\Archive\app.py:39]
2026-04-03 12:52:37,612 INFO: Logging setup complete [in c:\Users\Elev\Documents\WebbserverProgrammering\Archive\app.py:29]
2026-04-03 12:52:55,020 INFO: Start: POST /signup [in c:\Users\Elev\Documents\WebbserverProgrammering\Archive\app.py:34]
2026-04-03 12:52:55,189 INFO: End: POST /signup -> 302 in 0.1689s [in c:\Users\Elev\Documents\WebbserverProgrammering\Archive\app.py:39]
2026-04-03 12:52:55,189 INFO: Start: GET /login [in c:\Users\Elev\Documents\WebbserverProgrammering\Archive\app.py:34]
2026-04-03 12:52:55,210 INFO: End: GET /login -> 200 in 0.0210s [in c:\Users\Elev\Documents\WebbserverProgrammering\Archive\app.py:39]
2026-04-03 12:52:55,231 INFO: Start: GET /static/style.css [in c:\Users\Elev\Documents\WebbserverProgrammering\Archive\app.py:34]
2026-04-03 12:52:55,275 INFO: End: GET /static/style.css -> 304 in 0.0446s [in c:\Users\Elev\Documents\WebbserverProgrammering\Archive\app.py:39]
2026-04-03 12:53:22,888 INFO: Start: POST /login [in c:\Users\Elev\Documents\WebbserverProgrammering\Archive\app.py:34]
2026-04-03 12:53:22,994 INFO: End: POST /login -> 302 in 0.1057s [in c:\Users\Elev\Documents\WebbserverProgrammering\Archive\app.py:39]
2026-04-03 12:53:22,994 INFO: Start: GET / [in c:\Users\Elev\Documents\WebbserverProgrammering\Archive\app.py:34]
2026-04-03 12:53:22,994 INFO: End: GET / -> 302 in 0.0000s [in c:\Users\Elev\Documents\WebbserverProgrammering\Archive\app.py:39]
2026-04-03 12:53:23,026 INFO: Start: GET /login [in c:\Users\Elev\Documents\WebbserverProgrammering\Archive\app.py:34]
2026-04-03 12:53:23,026 INFO: End: GET /login -> 200 in 0.0000s [in c:\Users\Elev\Documents\WebbserverProgrammering\Archive\app.py:39]
2026-04-03 12:53:23,057 INFO: Start: GET /static/style.css [in c:\Users\Elev\Documents\WebbserverProgrammering\Archive\app.py:34]
2026-04-03 12:53:23,058 INFO: End: GET /static/style.css -> 304 in 0.0010s [in c:\Users\Elev\Documents\WebbserverProgrammering\Archive\app.py:39]
2026-04-03 12:53:37,063 INFO: Start: POST /login [in c:\Users\Elev\Documents\WebbserverProgrammering\Archive\app.py:34]
2026-04-03 12:53:37,155 INFO: End: POST /login -> 302 in 0.0920s [in c:\Users\Elev\Documents\WebbserverProgrammering\Archive\app.py:39]
2026-04-03 12:53:37,172 INFO: Start: GET / [in c:\Users\Elev\Documents\WebbserverProgrammering\Archive\app.py:34]
2026-04-03 12:53:37,172 INFO: End: GET / -> 200 in 0.0000s [in c:\Users\Elev\Documents\WebbserverProgrammering\Archive\app.py:39]
2026-04-03 12:53:37,203 INFO: Start: GET /static/style.css [in c:\Users\Elev\Documents\WebbserverProgrammering\Archive\app.py:34]
2026-04-03 12:53:37,203 INFO: End: GET /static/style.css -> 304 in 0.0000s [in c:\Users\Elev\Documents\WebbserverProgrammering\Archive\app.py:39]
2026-04-03 12:53:39,279 INFO: Start: GET /logout [in c:\Users\Elev\Documents\WebbserverProgrammering\Archive\app.py:34]
2026-04-03 12:53:39,280 INFO: End: GET /logout -> 302 in 0.0010s [in c:\Users\Elev\Documents\WebbserverProgrammering\Archive\app.py:39]
2026-04-03 12:53:39,306 INFO: Start: GET /login [in c:\Users\Elev\Documents\WebbserverProgrammering\Archive\app.py:34]
2026-04-03 12:53:39,306 INFO: End: GET /login -> 200 in 0.0000s [in c:\Users\Elev\Documents\WebbserverProgrammering\Archive\app.py:39]
2026-04-03 12:53:39,334 INFO: Start: GET /static/style.css [in c:\Users\Elev\Documents\WebbserverProgrammering\Archive\app.py:34]
2026-04-03 12:53:39,338 INFO: End: GET /static/style.css -> 304 in 0.0034s [in c:\Users\Elev\Documents\WebbserverProgrammering\Archive\app.py:39]
2026-04-03 12:53:50,049 INFO: Start: POST /login [in c:\Users\Elev\Documents\WebbserverProgrammering\Archive\app.py:34]
2026-04-03 12:53:50,156 INFO: End: POST /login -> 302 in 0.1078s [in c:\Users\Elev\Documents\WebbserverProgrammering\Archive\app.py:39]
2026-04-03 12:53:50,156 INFO: Start: GET / [in c:\Users\Elev\Documents\WebbserverProgrammering\Archive\app.py:34]
2026-04-03 12:53:50,156 INFO: End: GET / -> 200 in 0.0000s [in c:\Users\Elev\Documents\WebbserverProgrammering\Archive\app.py:39]
2026-04-03 12:53:50,190 INFO: Start: GET /static/style.css [in c:\Users\Elev\Documents\WebbserverProgrammering\Archive\app.py:34]
2026-04-03 12:53:50,190 INFO: End: GET /static/style.css -> 304 in 0.0000s [in c:\Users\Elev\Documents\WebbserverProgrammering\Archive\app.py:39]
2026-04-03 12:57:46,698 INFO: Start: GET /logout [in c:\Users\Elev\Documents\WebbserverProgrammering\Archive\app.py:34]
2026-04-03 12:57:46,698 INFO: End: GET /logout -> 302 in 0.0000s [in c:\Users\Elev\Documents\WebbserverProgrammering\Archive\app.py:39]
2026-04-03 12:57:46,700 INFO: Start: GET /login [in c:\Users\Elev\Documents\WebbserverProgrammering\Archive\app.py:34]
2026-04-03 12:57:46,700 INFO: End: GET /login -> 200 in 0.0000s [in c:\Users\Elev\Documents\WebbserverProgrammering\Archive\app.py:39]
2026-04-03 12:57:46,723 INFO: Start: GET /static/style.css [in c:\Users\Elev\Documents\WebbserverProgrammering\Archive\app.py:34]
2026-04-03 12:57:46,725 INFO: End: GET /static/style.css -> 304 in 0.0020s [in c:\Users\Elev\Documents\WebbserverProgrammering\Archive\app.py:39]
2026-04-03 12:57:48,160 INFO: Start: GET /signup [in c:\Users\Elev\Documents\WebbserverProgrammering\Archive\app.py:34]
2026-04-03 12:57:48,164 INFO: End: GET /signup -> 200 in 0.0040s [in c:\Users\Elev\Documents\WebbserverProgrammering\Archive\app.py:39]
2026-04-03 12:57:48,186 INFO: Start: GET /static/style.css [in c:\Users\Elev\Documents\WebbserverProgrammering\Archive\app.py:34]
2026-04-03 12:57:48,187 INFO: End: GET /static/style.css -> 304 in 0.0009s [in c:\Users\Elev\Documents\WebbserverProgrammering\Archive\app.py:39]
2026-04-03 12:57:59,659 INFO: Start: POST /signup [in c:\Users\Elev\Documents\WebbserverProgrammering\Archive\app.py:34]
2026-04-03 12:57:59,765 INFO: End: POST /signup -> 302 in 0.1062s [in c:\Users\Elev\Documents\WebbserverProgrammering\Archive\app.py:39]
2026-04-03 12:57:59,773 INFO: Start: GET /login [in c:\Users\Elev\Documents\WebbserverProgrammering\Archive\app.py:34]
2026-04-03 12:57:59,774 INFO: End: GET /login -> 200 in 0.0010s [in c:\Users\Elev\Documents\WebbserverProgrammering\Archive\app.py:39]
2026-04-03 12:57:59,794 INFO: Start: GET /static/style.css [in c:\Users\Elev\Documents\WebbserverProgrammering\Archive\app.py:34]
2026-04-03 12:57:59,795 INFO: End: GET /static/style.css -> 304 in 0.0010s [in c:\Users\Elev\Documents\WebbserverProgrammering\Archive\app.py:39]
2026-04-03 16:09:30,505 INFO: Logging setup complete [in c:\Users\Elev\Documents\WebbserverProgrammering\Archive\app.py:29]
2026-04-03 16:09:34,740 INFO: Start: GET /signup [in c:\Users\Elev\Documents\WebbserverProgrammering\Archive\app.py:34]
2026-04-03 16:09:34,754 INFO: End: GET /signup -> 200 in 0.0133s [in c:\Users\Elev\Documents\WebbserverProgrammering\Archive\app.py:39]
2026-04-03 16:09:34,830 INFO: Start: GET /static/style.css [in c:\Users\Elev\Documents\WebbserverProgrammering\Archive\app.py:34]
2026-04-03 16:09:34,882 INFO: End: GET /static/style.css -> 304 in 0.0523s [in c:\Users\Elev\Documents\WebbserverProgrammering\Archive\app.py:39]
2026-04-03 16:09:47,353 INFO: Start: POST /signup [in c:\Users\Elev\Documents\WebbserverProgrammering\Archive\app.py:34]
2026-04-03 16:09:47,430 INFO: End: POST /signup -> 200 in 0.0778s [in c:\Users\Elev\Documents\WebbserverProgrammering\Archive\app.py:39]
2026-04-03 16:09:47,463 INFO: Start: GET /static/style.css [in c:\Users\Elev\Documents\WebbserverProgrammering\Archive\app.py:34]
2026-04-03 16:09:47,463 INFO: End: GET /static/style.css -> 304 in 0.0000s [in c:\Users\Elev\Documents\WebbserverProgrammering\Archive\app.py:39]
2026-04-03 16:09:50,047 INFO: Start: GET /signup [in c:\Users\Elev\Documents\WebbserverProgrammering\Archive\app.py:34]
2026-04-03 16:09:50,047 INFO: End: GET /signup -> 200 in 0.0000s [in c:\Users\Elev\Documents\WebbserverProgrammering\Archive\app.py:39]
2026-04-03 16:09:56,304 INFO: Start: POST /signup [in c:\Users\Elev\Documents\WebbserverProgrammering\Archive\app.py:34]
2026-04-03 16:09:56,311 INFO: End: POST /signup -> 200 in 0.0070s [in c:\Users\Elev\Documents\WebbserverProgrammering\Archive\app.py:39]
2026-04-03 16:09:56,332 INFO: Start: GET /static/style.css [in c:\Users\Elev\Documents\WebbserverProgrammering\Archive\app.py:34]
2026-04-03 16:09:56,332 INFO: End: GET /static/style.css -> 304 in 0.0000s [in c:\Users\Elev\Documents\WebbserverProgrammering\Archive\app.py:39]
2026-04-03 16:16:19,251 INFO: Logging setup complete [in c:\Users\Elev\Documents\WebbserverProgrammering\Archive\app.py:29]
2026-04-03 16:28:16,871 INFO: Logging setup complete [in c:\Users\Elev\Documents\WebbserverProgrammering\Archive\app.py:29]
2026-04-03 16:30:42,392 INFO: Start: GET /login [in c:\Users\Elev\Documents\WebbserverProgrammering\Archive\app.py:34]
2026-04-03 16:30:42,414 INFO: End: GET /login -> 200 in 0.0229s [in c:\Users\Elev\Documents\WebbserverProgrammering\Archive\app.py:39]
2026-04-03 16:30:42,466 INFO: Start: GET /static/style.css [in c:\Users\Elev\Documents\WebbserverProgrammering\Archive\app.py:34]
2026-04-03 16:30:42,518 INFO: End: GET /static/style.css -> 304 in 0.0519s [in c:\Users\Elev\Documents\WebbserverProgrammering\Archive\app.py:39]
2026-04-03 16:31:22,836 INFO: Logging setup complete [in c:\Users\Elev\Documents\WebbserverProgrammering\Archive\app.py:29]
2026-04-03 16:31:27,275 INFO: Start: GET /log_in [in c:\Users\Elev\Documents\WebbserverProgrammering\Archive\app.py:34]
2026-04-03 16:31:27,283 INFO: End: GET /log_in -> 200 in 0.0081s [in c:\Users\Elev\Documents\WebbserverProgrammering\Archive\app.py:39]
2026-04-03 16:31:27,455 INFO: Start: GET /static/style.css [in c:\Users\Elev\Documents\WebbserverProgrammering\Archive\app.py:34]
2026-04-03 16:31:27,502 INFO: End: GET /static/style.css -> 304 in 0.0471s [in c:\Users\Elev\Documents\WebbserverProgrammering\Archive\app.py:39]
2026-04-03 16:31:30,626 INFO: Start: GET /register [in c:\Users\Elev\Documents\WebbserverProgrammering\Archive\app.py:34]
2026-04-03 16:31:30,630 INFO: End: GET /register -> 200 in 0.0040s [in c:\Users\Elev\Documents\WebbserverProgrammering\Archive\app.py:39]
2026-04-03 16:31:30,672 INFO: Start: GET /static/style.css [in c:\Users\Elev\Documents\WebbserverProgrammering\Archive\app.py:34]
2026-04-03 16:31:30,673 INFO: End: GET /static/style.css -> 304 in 0.0010s [in c:\Users\Elev\Documents\WebbserverProgrammering\Archive\app.py:39]
2026-04-03 16:32:33,461 INFO: Logging setup complete [in c:\Users\Elev\Documents\WebbserverProgrammering\Archive\app.py:29]
2026-04-03 16:32:34,211 INFO: Start: GET /register [in c:\Users\Elev\Documents\WebbserverProgrammering\Archive\app.py:34]
2026-04-03 16:32:34,224 INFO: End: GET /register -> 302 in 0.0126s [in c:\Users\Elev\Documents\WebbserverProgrammering\Archive\app.py:39]
2026-04-03 16:32:34,228 INFO: Start: GET /signup [in c:\Users\Elev\Documents\WebbserverProgrammering\Archive\app.py:34]
2026-04-03 16:32:34,236 INFO: End: GET /signup -> 200 in 0.0092s [in c:\Users\Elev\Documents\WebbserverProgrammering\Archive\app.py:39]
2026-04-03 16:32:34,257 INFO: Start: GET /static/style.css [in c:\Users\Elev\Documents\WebbserverProgrammering\Archive\app.py:34]
2026-04-03 16:32:34,299 INFO: End: GET /static/style.css -> 304 in 0.0417s [in c:\Users\Elev\Documents\WebbserverProgrammering\Archive\app.py:39]
2026-04-03 16:32:38,083 INFO: Start: GET /register [in c:\Users\Elev\Documents\WebbserverProgrammering\Archive\app.py:34]
2026-04-03 16:32:38,083 INFO: End: GET /register -> 302 in 0.0004s [in c:\Users\Elev\Documents\WebbserverProgrammering\Archive\app.py:39]
2026-04-03 16:32:38,087 INFO: Start: GET /signup [in c:\Users\Elev\Documents\WebbserverProgrammering\Archive\app.py:34]
2026-04-03 16:32:38,088 INFO: End: GET /signup -> 200 in 0.0007s [in c:\Users\Elev\Documents\WebbserverProgrammering\Archive\app.py:39]
2026-04-03 16:32:38,121 INFO: Start: GET /static/style.css [in c:\Users\Elev\Documents\WebbserverProgrammering\Archive\app.py:34]
2026-04-03 16:32:38,123 INFO: End: GET /static/style.css -> 304 in 0.0025s [in c:\Users\Elev\Documents\WebbserverProgrammering\Archive\app.py:39]
2026-04-03 16:32:44,248 INFO: Start: GET /sign_up [in c:\Users\Elev\Documents\WebbserverProgrammering\Archive\app.py:34]
2026-04-03 16:32:44,249 INFO: End: GET /sign_up -> 302 in 0.0011s [in c:\Users\Elev\Documents\WebbserverProgrammering\Archive\app.py:39]
2026-04-03 16:32:44,318 INFO: Start: GET /signup [in c:\Users\Elev\Documents\WebbserverProgrammering\Archive\app.py:34]
2026-04-03 16:32:44,318 INFO: End: GET /signup -> 200 in 0.0000s [in c:\Users\Elev\Documents\WebbserverProgrammering\Archive\app.py:39]
2026-04-03 16:32:44,344 INFO: Start: GET /static/style.css [in c:\Users\Elev\Documents\WebbserverProgrammering\Archive\app.py:34]
2026-04-03 16:32:44,345 INFO: End: GET /static/style.css -> 304 in 0.0010s [in c:\Users\Elev\Documents\WebbserverProgrammering\Archive\app.py:39]
2026-04-03 16:34:32,192 INFO: Logging setup complete [in c:\Users\Elev\Documents\WebbserverProgrammering\Archive\app.py:29]
2026-04-03 16:35:28,599 INFO: Start: GET /signup [in c:\Users\Elev\Documents\WebbserverProgrammering\Archive\app.py:34]
2026-04-03 16:35:28,600 INFO: End: GET /signup -> 302 in 0.0010s [in c:\Users\Elev\Documents\WebbserverProgrammering\Archive\app.py:39]
2026-04-03 16:35:28,608 INFO: Start: GET /register [in c:\Users\Elev\Documents\WebbserverProgrammering\Archive\app.py:34]
2026-04-03 16:35:28,625 INFO: End: GET /register -> 200 in 0.0170s [in c:\Users\Elev\Documents\WebbserverProgrammering\Archive\app.py:39]
2026-04-03 16:35:28,645 INFO: Start: GET /static/style.css [in c:\Users\Elev\Documents\WebbserverProgrammering\Archive\app.py:34]
2026-04-03 16:35:28,695 INFO: End: GET /static/style.css -> 304 in 0.0502s [in c:\Users\Elev\Documents\WebbserverProgrammering\Archive\app.py:39]
2026-04-03 16:37:55,151 INFO: Logging setup complete [in c:\Users\Elev\Documents\WebbserverProgrammering\Archive\app.py:29]
2026-04-03 16:43:55,713 INFO: Start: GET /register [in c:\Users\Elev\Documents\WebbserverProgrammering\Archive\app.py:34]
2026-04-03 16:43:55,754 INFO: End: GET /register -> 200 in 0.0410s [in c:\Users\Elev\Documents\WebbserverProgrammering\Archive\app.py:39]
2026-04-03 16:43:55,773 INFO: Start: GET /static/style.css [in c:\Users\Elev\Documents\WebbserverProgrammering\Archive\app.py:34]
2026-04-03 16:43:55,818 INFO: End: GET /static/style.css -> 304 in 0.0445s [in c:\Users\Elev\Documents\WebbserverProgrammering\Archive\app.py:39]
2026-04-03 16:44:35,290 INFO: Start: GET /register [in c:\Users\Elev\Documents\WebbserverProgrammering\Archive\app.py:34]
2026-04-03 16:44:35,329 INFO: End: GET /register -> 200 in 0.0390s [in c:\Users\Elev\Documents\WebbserverProgrammering\Archive\app.py:39]
2026-04-03 16:44:35,366 INFO: Start: GET /static/style.css [in c:\Users\Elev\Documents\WebbserverProgrammering\Archive\app.py:34]
2026-04-03 16:44:35,367 INFO: End: GET /static/style.css -> 304 in 0.0020s [in c:\Users\Elev\Documents\WebbserverProgrammering\Archive\app.py:39]
2026-04-03 16:44:38,029 INFO: Start: GET /static/style.css [in c:\Users\Elev\Documents\WebbserverProgrammering\Archive\app.py:34]
2026-04-03 16:44:38,029 INFO: End: GET /static/style.css -> 304 in 0.0000s [in c:\Users\Elev\Documents\WebbserverProgrammering\Archive\app.py:39]
2026-04-03 16:44:38,037 INFO: Start: GET /.well-known/appspecific/com.chrome.devtools.json [in c:\Users\Elev\Documents\WebbserverProgrammering\Archive\app.py:34]
2026-04-03 16:44:38,038 INFO: End: GET /.well-known/appspecific/com.chrome.devtools.json -> 404 in 0.0010s [in c:\Users\Elev\Documents\WebbserverProgrammering\Archive\app.py:39]
2026-04-03 16:46:30,487 INFO: Start: GET /register [in c:\Users\Elev\Documents\WebbserverProgrammering\Archive\app.py:34]
2026-04-03 16:46:30,512 INFO: End: GET /register -> 200 in 0.0245s [in c:\Users\Elev\Documents\WebbserverProgrammering\Archive\app.py:39]
2026-04-03 16:46:30,538 INFO: Start: GET /.well-known/appspecific/com.chrome.devtools.json [in c:\Users\Elev\Documents\WebbserverProgrammering\Archive\app.py:34]
2026-04-03 16:46:30,540 INFO: End: GET /.well-known/appspecific/com.chrome.devtools.json -> 404 in 0.0025s [in c:\Users\Elev\Documents\WebbserverProgrammering\Archive\app.py:39]
2026-04-03 16:46:30,541 INFO: Start: GET /static/style.css [in c:\Users\Elev\Documents\WebbserverProgrammering\Archive\app.py:34]
2026-04-03 16:46:30,543 INFO: End: GET /static/style.css -> 304 in 0.0020s [in c:\Users\Elev\Documents\WebbserverProgrammering\Archive\app.py:39]
2026-04-03 16:47:30,104 INFO: Start: GET /register [in c:\Users\Elev\Documents\WebbserverProgrammering\Archive\app.py:34]
2026-04-03 16:47:30,132 INFO: End: GET /register -> 200 in 0.0280s [in c:\Users\Elev\Documents\WebbserverProgrammering\Archive\app.py:39]
2026-04-03 16:47:30,162 INFO: Start: GET /.well-known/appspecific/com.chrome.devtools.json [in c:\Users\Elev\Documents\WebbserverProgrammering\Archive\app.py:34]
2026-04-03 16:47:30,163 INFO: End: GET /.well-known/appspecific/com.chrome.devtools.json -> 404 in 0.0010s [in c:\Users\Elev\Documents\WebbserverProgrammering\Archive\app.py:39]
2026-04-03 16:47:30,164 INFO: Start: GET /static/style.css [in c:\Users\Elev\Documents\WebbserverProgrammering\Archive\app.py:34]
2026-04-03 16:47:30,166 INFO: End: GET /static/style.css -> 304 in 0.0020s [in c:\Users\Elev\Documents\WebbserverProgrammering\Archive\app.py:39]
2026-04-03 17:44:23,066 INFO: Start: GET /register [in c:\Users\Elev\Documents\WebbserverProgrammering\Archive\app.py:34]
2026-04-03 17:44:23,098 INFO: End: GET /register -> 200 in 0.0320s [in c:\Users\Elev\Documents\WebbserverProgrammering\Archive\app.py:39]
2026-04-03 17:44:44,059 INFO: Logging setup complete [in c:\Users\Elev\Documents\WebbserverProgrammering\Archive\app.py:29]
2026-04-03 17:44:44,361 INFO: Logging setup complete [in c:\Users\Elev\Documents\WebbserverProgrammering\Archive\app.py:29]
2026-04-03 17:44:46,969 INFO: Start: GET /static/style.css [in c:\Users\Elev\Documents\WebbserverProgrammering\Archive\app.py:34]
2026-04-03 17:44:46,970 INFO: Start: GET /.well-known/appspecific/com.chrome.devtools.json [in c:\Users\Elev\Documents\WebbserverProgrammering\Archive\app.py:34]
2026-04-03 17:44:46,971 INFO: End: GET /.well-known/appspecific/com.chrome.devtools.json -> 404 in 0.0010s [in c:\Users\Elev\Documents\WebbserverProgrammering\Archive\app.py:39]
2026-04-03 17:44:47,020 INFO: End: GET /static/style.css -> 304 in 0.0510s [in c:\Users\Elev\Documents\WebbserverProgrammering\Archive\app.py:39]
2026-04-03 17:46:12,762 INFO: Start: GET /register [in c:\Users\Elev\Documents\WebbserverProgrammering\Archive\app.py:34]
2026-04-03 17:46:12,803 INFO: End: GET /register -> 200 in 0.0410s [in c:\Users\Elev\Documents\WebbserverProgrammering\Archive\app.py:39]
2026-04-03 17:46:12,826 INFO: Start: GET /.well-known/appspecific/com.chrome.devtools.json [in c:\Users\Elev\Documents\WebbserverProgrammering\Archive\app.py:34]
2026-04-03 17:46:12,827 INFO: End: GET /.well-known/appspecific/com.chrome.devtools.json -> 404 in 0.0010s [in c:\Users\Elev\Documents\WebbserverProgrammering\Archive\app.py:39]
2026-04-03 17:46:12,828 INFO: Start: GET /static/style.css [in c:\Users\Elev\Documents\WebbserverProgrammering\Archive\app.py:34]
2026-04-03 17:46:12,830 INFO: End: GET /static/style.css -> 304 in 0.0020s [in c:\Users\Elev\Documents\WebbserverProgrammering\Archive\app.py:39]
2026-04-03 17:47:35,105 INFO: Start: POST /register [in c:\Users\Elev\Documents\WebbserverProgrammering\Archive\app.py:34]
2026-04-03 17:47:35,108 INFO: End: POST /register -> 200 in 0.0030s [in c:\Users\Elev\Documents\WebbserverProgrammering\Archive\app.py:39]
2026-04-03 17:47:35,137 INFO: Start: GET /.well-known/appspecific/com.chrome.devtools.json [in c:\Users\Elev\Documents\WebbserverProgrammering\Archive\app.py:34]
2026-04-03 17:47:35,137 INFO: End: GET /.well-known/appspecific/com.chrome.devtools.json -> 404 in 0.0000s [in c:\Users\Elev\Documents\WebbserverProgrammering\Archive\app.py:39]
2026-04-03 17:47:35,139 INFO: Start: GET /static/style.css [in c:\Users\Elev\Documents\WebbserverProgrammering\Archive\app.py:34]
2026-04-03 17:47:35,140 INFO: End: GET /static/style.css -> 304 in 0.0010s [in c:\Users\Elev\Documents\WebbserverProgrammering\Archive\app.py:39]
2026-04-03 17:47:49,423 INFO: Start: POST /register [in c:\Users\Elev\Documents\WebbserverProgrammering\Archive\app.py:34]
2026-04-03 17:47:49,426 INFO: End: POST /register -> 200 in 0.0022s [in c:\Users\Elev\Documents\WebbserverProgrammering\Archive\app.py:39]
2026-04-03 17:47:49,449 INFO: Start: GET /.well-known/appspecific/com.chrome.devtools.json [in c:\Users\Elev\Documents\WebbserverProgrammering\Archive\app.py:34]
2026-04-03 17:47:49,452 INFO: End: GET /.well-known/appspecific/com.chrome.devtools.json -> 404 in 0.0030s [in c:\Users\Elev\Documents\WebbserverProgrammering\Archive\app.py:39]
2026-04-03 17:47:49,454 INFO: Start: GET /static/style.css [in c:\Users\Elev\Documents\WebbserverProgrammering\Archive\app.py:34]
2026-04-03 17:47:49,456 INFO: End: GET /static/style.css -> 304 in 0.0020s [in c:\Users\Elev\Documents\WebbserverProgrammering\Archive\app.py:39]
2026-04-03 17:48:06,177 INFO: Start: GET /login [in c:\Users\Elev\Documents\WebbserverProgrammering\Archive\app.py:34]
2026-04-03 17:48:06,337 INFO: Start: GET /.well-known/appspecific/com.chrome.devtools.json [in c:\Users\Elev\Documents\WebbserverProgrammering\Archive\app.py:34]
2026-04-03 17:48:06,338 INFO: End: GET /.well-known/appspecific/com.chrome.devtools.json -> 404 in 0.0012s [in c:\Users\Elev\Documents\WebbserverProgrammering\Archive\app.py:39]
2026-04-03 17:48:42,427 INFO: Start: GET /login [in c:\Users\Elev\Documents\WebbserverProgrammering\Archive\app.py:34]
2026-04-03 17:48:42,439 INFO: End: GET /login -> 200 in 0.0110s [in c:\Users\Elev\Documents\WebbserverProgrammering\Archive\app.py:39]
2026-04-03 17:48:42,463 INFO: Start: GET /.well-known/appspecific/com.chrome.devtools.json [in c:\Users\Elev\Documents\WebbserverProgrammering\Archive\app.py:34]
2026-04-03 17:48:42,464 INFO: End: GET /.well-known/appspecific/com.chrome.devtools.json -> 404 in 0.0014s [in c:\Users\Elev\Documents\WebbserverProgrammering\Archive\app.py:39]
2026-04-03 17:48:42,468 INFO: Start: GET /static/style.css [in c:\Users\Elev\Documents\WebbserverProgrammering\Archive\app.py:34]
2026-04-03 17:48:42,472 INFO: End: GET /static/style.css -> 304 in 0.0030s [in c:\Users\Elev\Documents\WebbserverProgrammering\Archive\app.py:39]
2026-04-03 17:50:01,283 INFO: Start: POST /login [in c:\Users\Elev\Documents\WebbserverProgrammering\Archive\app.py:34]
2026-04-03 17:50:01,447 INFO: End: POST /login -> 302 in 0.1641s [in c:\Users\Elev\Documents\WebbserverProgrammering\Archive\app.py:39]
2026-04-03 17:50:01,453 INFO: Start: GET /index [in c:\Users\Elev\Documents\WebbserverProgrammering\Archive\app.py:34]
2026-04-03 17:50:01,456 INFO: End: GET /index -> 200 in 0.0030s [in c:\Users\Elev\Documents\WebbserverProgrammering\Archive\app.py:39]
2026-04-03 17:50:01,541 INFO: Start: GET /static/style.css [in c:\Users\Elev\Documents\WebbserverProgrammering\Archive\app.py:34]
2026-04-03 17:50:01,542 INFO: Start: GET /.well-known/appspecific/com.chrome.devtools.json [in c:\Users\Elev\Documents\WebbserverProgrammering\Archive\app.py:34]
2026-04-03 17:50:01,543 INFO: End: GET /static/style.css -> 304 in 0.0020s [in c:\Users\Elev\Documents\WebbserverProgrammering\Archive\app.py:39]
2026-04-03 17:50:01,544 INFO: End: GET /.well-known/appspecific/com.chrome.devtools.json -> 404 in 0.0020s [in c:\Users\Elev\Documents\WebbserverProgrammering\Archive\app.py:39]
2026-04-03 18:09:34,479 INFO: Logging setup complete [in c:\Users\Elev\Documents\WebbserverProgrammering\Archive\app.py:33]
2026-04-03 18:14:18,624 INFO: Start: GET /index [in c:\Users\Elev\Documents\WebbserverProgrammering\Archive\app.py:38]
2026-04-03 18:14:18,633 INFO: End: GET /index -> 200 in 0.0086s [in c:\Users\Elev\Documents\WebbserverProgrammering\Archive\app.py:43]
2026-04-03 18:14:18,664 INFO: Start: GET /.well-known/appspecific/com.chrome.devtools.json [in c:\Users\Elev\Documents\WebbserverProgrammering\Archive\app.py:38]
2026-04-03 18:14:18,666 INFO: Start: GET /static/style.css [in c:\Users\Elev\Documents\WebbserverProgrammering\Archive\app.py:38]
2026-04-03 18:14:18,666 INFO: End: GET /.well-known/appspecific/com.chrome.devtools.json -> 404 in 0.0014s [in c:\Users\Elev\Documents\WebbserverProgrammering\Archive\app.py:43]
2026-04-03 18:14:18,713 INFO: End: GET /static/style.css -> 304 in 0.0476s [in c:\Users\Elev\Documents\WebbserverProgrammering\Archive\app.py:43]
2026-04-03 18:14:20,315 INFO: Start: GET /logout [in c:\Users\Elev\Documents\WebbserverProgrammering\Archive\app.py:38]
2026-04-03 18:14:20,316 INFO: End: GET /logout -> 302 in 0.0010s [in c:\Users\Elev\Documents\WebbserverProgrammering\Archive\app.py:43]
2026-04-03 18:14:20,382 INFO: Start: GET /login [in c:\Users\Elev\Documents\WebbserverProgrammering\Archive\app.py:38]
2026-04-03 18:14:20,384 INFO: End: GET /login -> 200 in 0.0020s [in c:\Users\Elev\Documents\WebbserverProgrammering\Archive\app.py:43]
2026-04-03 18:14:20,411 INFO: Start: GET /.well-known/appspecific/com.chrome.devtools.json [in c:\Users\Elev\Documents\WebbserverProgrammering\Archive\app.py:38]
2026-04-03 18:14:20,413 INFO: End: GET /.well-known/appspecific/com.chrome.devtools.json -> 404 in 0.0020s [in c:\Users\Elev\Documents\WebbserverProgrammering\Archive\app.py:43]
2026-04-03 18:14:20,414 INFO: Start: GET /static/style.css [in c:\Users\Elev\Documents\WebbserverProgrammering\Archive\app.py:38]
2026-04-03 18:14:20,417 INFO: End: GET /static/style.css -> 304 in 0.0030s [in c:\Users\Elev\Documents\WebbserverProgrammering\Archive\app.py:43]
2026-04-03 18:14:23,502 INFO: Start: GET /register [in c:\Users\Elev\Documents\WebbserverProgrammering\Archive\app.py:38]
2026-04-03 18:14:23,537 INFO: End: GET /register -> 200 in 0.0351s [in c:\Users\Elev\Documents\WebbserverProgrammering\Archive\app.py:43]
2026-04-03 18:14:23,564 INFO: Start: GET /.well-known/appspecific/com.chrome.devtools.json [in c:\Users\Elev\Documents\WebbserverProgrammering\Archive\app.py:38]
2026-04-03 18:14:23,565 INFO: End: GET /.well-known/appspecific/com.chrome.devtools.json -> 404 in 0.0010s [in c:\Users\Elev\Documents\WebbserverProgrammering\Archive\app.py:43]
2026-04-03 18:14:23,567 INFO: Start: GET /static/style.css [in c:\Users\Elev\Documents\WebbserverProgrammering\Archive\app.py:38]
2026-04-03 18:14:23,569 INFO: End: GET /static/style.css -> 304 in 0.0020s [in c:\Users\Elev\Documents\WebbserverProgrammering\Archive\app.py:43]
2026-04-03 18:14:31,354 INFO: Start: GET /register [in c:\Users\Elev\Documents\WebbserverProgrammering\Archive\app.py:38]
2026-04-03 18:14:31,355 INFO: End: GET /register -> 200 in 0.0010s [in c:\Users\Elev\Documents\WebbserverProgrammering\Archive\app.py:43]
2026-04-03 18:14:31,378 INFO: Start: GET /static/style.css [in c:\Users\Elev\Documents\WebbserverProgrammering\Archive\app.py:38]
2026-04-03 18:14:31,379 INFO: End: GET /static/style.css -> 304 in 0.0010s [in c:\Users\Elev\Documents\WebbserverProgrammering\Archive\app.py:43]
2026-04-03 18:14:41,636 INFO: Start: GET /static/style.css [in c:\Users\Elev\Documents\WebbserverProgrammering\Archive\app.py:38]
2026-04-03 18:14:41,636 INFO: End: GET /static/style.css -> 304 in 0.0000s [in c:\Users\Elev\Documents\WebbserverProgrammering\Archive\app.py:43]
2026-04-03 18:14:41,651 INFO: Start: GET /.well-known/appspecific/com.chrome.devtools.json [in c:\Users\Elev\Documents\WebbserverProgrammering\Archive\app.py:38]
2026-04-03 18:14:41,651 INFO: End: GET /.well-known/appspecific/com.chrome.devtools.json -> 404 in 0.0000s [in c:\Users\Elev\Documents\WebbserverProgrammering\Archive\app.py:43]
2026-04-03 18:15:59,860 INFO: Start: GET /register [in c:\Users\Elev\Documents\WebbserverProgrammering\Archive\app.py:38]
2026-04-03 18:15:59,903 INFO: End: GET /register -> 200 in 0.0431s [in c:\Users\Elev\Documents\WebbserverProgrammering\Archive\app.py:43]
2026-04-03 18:15:59,931 INFO: Start: GET /static/style.css [in c:\Users\Elev\Documents\WebbserverProgrammering\Archive\app.py:38]
2026-04-03 18:15:59,933 INFO: End: GET /static/style.css -> 304 in 0.0010s [in c:\Users\Elev\Documents\WebbserverProgrammering\Archive\app.py:43]
2026-04-03 18:15:59,939 INFO: Start: GET /.well-known/appspecific/com.chrome.devtools.json [in c:\Users\Elev\Documents\WebbserverProgrammering\Archive\app.py:38]
2026-04-03 18:15:59,940 INFO: End: GET /.well-known/appspecific/com.chrome.devtools.json -> 404 in 0.0010s [in c:\Users\Elev\Documents\WebbserverProgrammering\Archive\app.py:43]
2026-04-03 18:19:10,591 INFO: Logging setup complete [in c:\Users\Elev\Documents\WebbserverProgrammering\Archive\app.py:34]
2026-04-03 18:19:24,019 INFO: Logging setup complete [in c:\Users\Elev\Documents\WebbserverProgrammering\Archive\app.py:34]
2026-04-03 18:19:50,349 INFO: Start: POST /register [in c:\Users\Elev\Documents\WebbserverProgrammering\Archive\app.py:39]
2026-04-03 18:23:57,626 INFO: Logging setup complete [in c:\Users\Elev\Documents\WebbserverProgrammering\Archive\app.py:33]
2026-04-03 18:23:57,933 INFO: Logging setup complete [in c:\Users\Elev\Documents\WebbserverProgrammering\Archive\app.py:33]
2026-04-03 18:24:03,006 INFO: Start: GET /register [in c:\Users\Elev\Documents\WebbserverProgrammering\Archive\app.py:38]
2026-04-03 18:24:03,016 INFO: End: GET /register -> 200 in 0.0100s [in c:\Users\Elev\Documents\WebbserverProgrammering\Archive\app.py:43]
2026-04-03 18:24:03,044 INFO: Start: GET /static/style.css [in c:\Users\Elev\Documents\WebbserverProgrammering\Archive\app.py:38]
2026-04-03 18:24:03,086 INFO: End: GET /static/style.css -> 304 in 0.0425s [in c:\Users\Elev\Documents\WebbserverProgrammering\Archive\app.py:43]
2026-04-03 18:24:16,549 INFO: Start: POST /register [in c:\Users\Elev\Documents\WebbserverProgrammering\Archive\app.py:38]
2026-04-03 18:28:27,151 INFO: Logging setup complete [in c:\Users\Elev\Documents\WebbserverProgrammering\Archive\app.py:33]
2026-04-03 18:28:47,344 INFO: Start: POST /register [in c:\Users\Elev\Documents\WebbserverProgrammering\Archive\app.py:38]
2026-04-03 18:28:47,357 INFO: End: POST /register -> 200 in 0.0130s [in c:\Users\Elev\Documents\WebbserverProgrammering\Archive\app.py:43]
2026-04-03 18:28:47,388 INFO: Start: GET /static/style.css [in c:\Users\Elev\Documents\WebbserverProgrammering\Archive\app.py:38]
2026-04-03 18:28:47,430 INFO: End: GET /static/style.css -> 304 in 0.0416s [in c:\Users\Elev\Documents\WebbserverProgrammering\Archive\app.py:43]
2026-04-03 18:28:51,152 INFO: Start: GET /register [in c:\Users\Elev\Documents\WebbserverProgrammering\Archive\app.py:38]
2026-04-03 18:28:51,153 INFO: End: GET /register -> 200 in 0.0010s [in c:\Users\Elev\Documents\WebbserverProgrammering\Archive\app.py:43]
2026-04-03 18:29:03,894 INFO: Start: POST /register [in c:\Users\Elev\Documents\WebbserverProgrammering\Archive\app.py:38]
2026-04-03 18:29:04,060 INFO: End: POST /register -> 302 in 0.1646s [in c:\Users\Elev\Documents\WebbserverProgrammering\Archive\app.py:43]
2026-04-03 18:29:04,064 INFO: Start: GET /login [in c:\Users\Elev\Documents\WebbserverProgrammering\Archive\app.py:38]
2026-04-03 18:29:04,067 INFO: End: GET /login -> 200 in 0.0030s [in c:\Users\Elev\Documents\WebbserverProgrammering\Archive\app.py:43]
2026-04-03 18:29:04,089 INFO: Start: GET /static/style.css [in c:\Users\Elev\Documents\WebbserverProgrammering\Archive\app.py:38]
2026-04-03 18:29:04,090 INFO: End: GET /static/style.css -> 304 in 0.0010s [in c:\Users\Elev\Documents\WebbserverProgrammering\Archive\app.py:43]
2026-04-03 18:29:23,264 INFO: Start: POST /login [in c:\Users\Elev\Documents\WebbserverProgrammering\Archive\app.py:38]
2026-04-03 18:29:23,369 INFO: End: POST /login -> 302 in 0.1057s [in c:\Users\Elev\Documents\WebbserverProgrammering\Archive\app.py:43]
2026-04-03 18:29:23,374 INFO: Start: GET /index [in c:\Users\Elev\Documents\WebbserverProgrammering\Archive\app.py:38]
2026-04-03 18:29:23,377 INFO: End: GET /index -> 200 in 0.0031s [in c:\Users\Elev\Documents\WebbserverProgrammering\Archive\app.py:43]
2026-04-03 18:29:23,401 INFO: Start: GET /static/style.css [in c:\Users\Elev\Documents\WebbserverProgrammering\Archive\app.py:38]
2026-04-03 18:29:23,402 INFO: End: GET /static/style.css -> 304 in 0.0010s [in c:\Users\Elev\Documents\WebbserverProgrammering\Archive\app.py:43]
2026-04-03 18:31:13,106 INFO: Logging setup complete [in c:\Users\Elev\Documents\WebbserverProgrammering\Archive\app.py:33]
2026-04-03 18:48:04,984 INFO: Logging setup complete [in c:\Users\Elev\Documents\WebbserverProgrammering\Archive\app.py:33]
2026-04-03 18:48:31,394 INFO: Logging setup complete [in c:\Users\Elev\Documents\WebbserverProgrammering\Archive\app.py:33]
2026-04-03 18:48:44,615 INFO: Start: GET /logout [in c:\Users\Elev\Documents\WebbserverProgrammering\Archive\app.py:38]
2026-04-03 18:48:44,616 INFO: End: GET /logout -> 302 in 0.0011s [in c:\Users\Elev\Documents\WebbserverProgrammering\Archive\app.py:43]
2026-04-03 18:48:44,621 INFO: Start: GET /login [in c:\Users\Elev\Documents\WebbserverProgrammering\Archive\app.py:38]
2026-04-03 18:48:44,628 INFO: End: GET /login -> 200 in 0.0070s [in c:\Users\Elev\Documents\WebbserverProgrammering\Archive\app.py:43]
2026-04-03 18:48:44,720 INFO: Start: GET /static/style.css [in c:\Users\Elev\Documents\WebbserverProgrammering\Archive\app.py:38]
2026-04-03 18:48:44,770 INFO: End: GET /static/style.css -> 304 in 0.0502s [in c:\Users\Elev\Documents\WebbserverProgrammering\Archive\app.py:43]
2026-04-03 18:48:46,752 INFO: Start: GET /register [in c:\Users\Elev\Documents\WebbserverProgrammering\Archive\app.py:38]
2026-04-03 18:48:46,756 INFO: End: GET /register -> 200 in 0.0040s [in c:\Users\Elev\Documents\WebbserverProgrammering\Archive\app.py:43]
2026-04-03 18:48:46,803 INFO: Start: GET /static/style.css [in c:\Users\Elev\Documents\WebbserverProgrammering\Archive\app.py:38]
2026-04-03 18:48:46,804 INFO: End: GET /static/style.css -> 304 in 0.0010s [in c:\Users\Elev\Documents\WebbserverProgrammering\Archive\app.py:43]
2026-04-03 18:49:15,932 INFO: Logging setup complete [in c:\Users\Elev\Documents\WebbserverProgrammering\Archive\app.py:35]
2026-04-03 18:49:31,337 INFO: Logging setup complete [in c:\Users\Elev\Documents\WebbserverProgrammering\Archive\app.py:35]
2026-04-03 18:49:38,684 INFO: Logging setup complete [in c:\Users\Elev\Documents\WebbserverProgrammering\Archive\app.py:35]
2026-04-03 18:49:38,995 INFO: Logging setup complete [in c:\Users\Elev\Documents\WebbserverProgrammering\Archive\app.py:35]
2026-04-03 18:49:44,412 INFO: Logging setup complete [in c:\Users\Elev\Documents\WebbserverProgrammering\Archive\app.py:33]
2026-04-03 18:49:50,161 INFO: Logging setup complete [in c:\Users\Elev\Documents\WebbserverProgrammering\Archive\app.py:33]
2026-04-03 18:49:50,519 INFO: Logging setup complete [in c:\Users\Elev\Documents\WebbserverProgrammering\Archive\app.py:33]
2026-04-03 18:50:18,080 INFO: Start: GET /register [in c:\Users\Elev\Documents\WebbserverProgrammering\Archive\app.py:38]
2026-04-03 18:50:18,088 INFO: End: GET /register -> 200 in 0.0072s [in c:\Users\Elev\Documents\WebbserverProgrammering\Archive\app.py:43]
2026-04-03 18:50:18,115 INFO: Start: GET /static/style.css [in c:\Users\Elev\Documents\WebbserverProgrammering\Archive\app.py:38]
2026-04-03 18:50:18,161 INFO: End: GET /static/style.css -> 304 in 0.0457s [in c:\Users\Elev\Documents\WebbserverProgrammering\Archive\app.py:43]
2026-04-03 18:50:36,957 INFO: Start: POST /register [in c:\Users\Elev\Documents\WebbserverProgrammering\Archive\app.py:38]
2026-04-03 18:51:22,236 INFO: Logging setup complete [in c:\Users\Elev\Documents\WebbserverProgrammering\Archive\app.py:35]
2026-04-03 18:51:45,656 INFO: Logging setup complete [in c:\Users\Elev\Documents\WebbserverProgrammering\Archive\app.py:35]
2026-04-03 18:52:22,954 INFO: Logging setup complete [in c:\Users\Elev\Documents\WebbserverProgrammering\Archive\app.py:33]
2026-04-03 18:52:23,258 INFO: Logging setup complete [in c:\Users\Elev\Documents\WebbserverProgrammering\Archive\app.py:33]
2026-04-03 18:52:27,819 INFO: Start: POST /register [in c:\Users\Elev\Documents\WebbserverProgrammering\Archive\app.py:38]
2026-04-03 18:52:27,831 INFO: End: POST /register -> 200 in 0.0126s [in c:\Users\Elev\Documents\WebbserverProgrammering\Archive\app.py:43]
2026-04-03 18:52:27,858 INFO: Start: GET /static/style.css [in c:\Users\Elev\Documents\WebbserverProgrammering\Archive\app.py:38]
2026-04-03 18:52:27,924 INFO: End: GET /static/style.css -> 304 in 0.0660s [in c:\Users\Elev\Documents\WebbserverProgrammering\Archive\app.py:43]
2026-04-03 18:52:49,366 INFO: Start: POST /register [in c:\Users\Elev\Documents\WebbserverProgrammering\Archive\app.py:38]
2026-04-03 18:52:49,568 INFO: End: POST /register -> 302 in 0.2015s [in c:\Users\Elev\Documents\WebbserverProgrammering\Archive\app.py:43]
2026-04-03 18:52:49,571 INFO: Start: GET /login [in c:\Users\Elev\Documents\WebbserverProgrammering\Archive\app.py:38]
2026-04-03 18:52:49,575 INFO: End: GET /login -> 200 in 0.0033s [in c:\Users\Elev\Documents\WebbserverProgrammering\Archive\app.py:43]
2026-04-03 18:52:49,606 INFO: Start: GET /static/style.css [in c:\Users\Elev\Documents\WebbserverProgrammering\Archive\app.py:38]
2026-04-03 18:52:49,607 INFO: End: GET /static/style.css -> 304 in 0.0010s [in c:\Users\Elev\Documents\WebbserverProgrammering\Archive\app.py:43]
2026-04-03 18:52:56,964 INFO: Start: POST /login [in c:\Users\Elev\Documents\WebbserverProgrammering\Archive\app.py:38]
2026-04-03 18:52:57,068 INFO: End: POST /login -> 302 in 0.1042s [in c:\Users\Elev\Documents\WebbserverProgrammering\Archive\app.py:43]
2026-04-03 18:52:57,073 INFO: Start: GET /index [in c:\Users\Elev\Documents\WebbserverProgrammering\Archive\app.py:38]
2026-04-03 18:52:57,075 INFO: End: GET /index -> 200 in 0.0021s [in c:\Users\Elev\Documents\WebbserverProgrammering\Archive\app.py:43]
2026-04-03 18:52:57,295 INFO: Start: GET /static/style.css [in c:\Users\Elev\Documents\WebbserverProgrammering\Archive\app.py:38]
2026-04-03 18:52:57,296 INFO: End: GET /static/style.css -> 304 in 0.0010s [in c:\Users\Elev\Documents\WebbserverProgrammering\Archive\app.py:43]
